Determining if the pthread_create exist failed with the following output:
Change Dir: /home/nvidia/EE555_Lab8/CMakeFiles/CMakeTmp

Run Build Command:"/usr/bin/make" "cmTC_d22b8/fast"
/usr/bin/make -f CMakeFiles/cmTC_d22b8.dir/build.make CMakeFiles/cmTC_d22b8.dir/build
make[1]: Entering directory '/home/nvidia/EE555_Lab8/CMakeFiles/CMakeTmp'
Building C object CMakeFiles/cmTC_d22b8.dir/CheckSymbolExists.c.o
/usr/bin/cc    -fPIC    -o CMakeFiles/cmTC_d22b8.dir/CheckSymbolExists.c.o   -c /home/nvidia/EE555_Lab8/CMakeFiles/CMakeTmp/CheckSymbolExists.c
Linking C executable cmTC_d22b8
/usr/bin/cmake -E cmake_link_script CMakeFiles/cmTC_d22b8.dir/link.txt --verbose=1
/usr/bin/cc  -fPIC     CMakeFiles/cmTC_d22b8.dir/CheckSymbolExists.c.o  -o cmTC_d22b8 
CMakeFiles/cmTC_d22b8.dir/CheckSymbolExists.c.o: In function `main':
CheckSymbolExists.c:(.text+0x14): undefined reference to `pthread_create'
CheckSymbolExists.c:(.text+0x18): undefined reference to `pthread_create'
collect2: error: ld returned 1 exit status
CMakeFiles/cmTC_d22b8.dir/build.make:97: recipe for target 'cmTC_d22b8' failed
make[1]: *** [cmTC_d22b8] Error 1
make[1]: Leaving directory '/home/nvidia/EE555_Lab8/CMakeFiles/CMakeTmp'
Makefile:126: recipe for target 'cmTC_d22b8/fast' failed
make: *** [cmTC_d22b8/fast] Error 2

File /home/nvidia/EE555_Lab8/CMakeFiles/CMakeTmp/CheckSymbolExists.c:
/* */
#include <pthread.h>

int main(int argc, char** argv)
{
  (void)argv;
#ifndef pthread_create
  return ((int*)(&pthread_create))[argc];
#else
  (void)argc;
  return 0;
#endif
}

Determining if the function pthread_create exists in the pthreads failed with the following output:
Change Dir: /home/nvidia/EE555_Lab8/CMakeFiles/CMakeTmp

Run Build Command:"/usr/bin/make" "cmTC_df054/fast"
/usr/bin/make -f CMakeFiles/cmTC_df054.dir/build.make CMakeFiles/cmTC_df054.dir/build
make[1]: Entering directory '/home/nvidia/EE555_Lab8/CMakeFiles/CMakeTmp'
Building C object CMakeFiles/cmTC_df054.dir/CheckFunctionExists.c.o
/usr/bin/cc    -fPIC -DCHECK_FUNCTION_EXISTS=pthread_create   -o CMakeFiles/cmTC_df054.dir/CheckFunctionExists.c.o   -c /usr/share/cmake-3.5/Modules/CheckFunctionExists.c
Linking C executable cmTC_df054
/usr/bin/cmake -E cmake_link_script CMakeFiles/cmTC_df054.dir/link.txt --verbose=1
/usr/bin/cc  -fPIC -DCHECK_FUNCTION_EXISTS=pthread_create    CMakeFiles/cmTC_df054.dir/CheckFunctionExists.c.o  -o cmTC_df054 -lpthreads 
/usr/bin/ld: cannot find -lpthreads
collect2: error: ld returned 1 exit status
CMakeFiles/cmTC_df054.dir/build.make:97: recipe for target 'cmTC_df054' failed
make[1]: *** [cmTC_df054] Error 1
make[1]: Leaving directory '/home/nvidia/EE555_Lab8/CMakeFiles/CMakeTmp'
Makefile:126: recipe for target 'cmTC_df054/fast' failed
make: *** [cmTC_df054/fast] Error 2


